nohup: ignoring input
Watching for file changes with StatReloader
[05/Aug/2024 13:58:50] "GET /media/gff_files/23650388-34cb-4825-969f-9cc6efc325f0.gff HTTP/1.1" 200 578853
[05/Aug/2024 13:58:55] "GET / HTTP/1.1" 200 514
[05/Aug/2024 13:58:57] "GET /task/1/ HTTP/1.1" 200 744
[05/Aug/2024 13:59:43] "GET / HTTP/1.1" 200 514
[05/Aug/2024 13:59:43] "GET /static/css/styles.css HTTP/1.1" 200 947
Not Found: /favicon.ico
[05/Aug/2024 13:59:43] "GET /favicon.ico HTTP/1.1" 404 3527
[05/Aug/2024 14:00:04,524] - Broken pipe from ('10.20.51.60', 45086)
[05/Aug/2024 14:00:04,526] - Broken pipe from ('10.20.51.60', 45092)
[05/Aug/2024 14:04:57] "GET / HTTP/1.1" 200 514
[05/Aug/2024 14:04:57] "GET /static/css/styles.css HTTP/1.1" 200 947
Not Found: /favicon.ico
[05/Aug/2024 14:04:57] "GET /favicon.ico HTTP/1.1" 404 3527
[05/Aug/2024 14:05:03] "GET /task/submit/ HTTP/1.1" 200 1614
[05/Aug/2024 14:06:07] "GET / HTTP/1.1" 200 514
[05/Aug/2024 14:06:09] "GET /task/running/ HTTP/1.1" 200 349
[05/Aug/2024 14:06:11] "GET / HTTP/1.1" 200 514
/data/xzg_data/my-online-helixer/helixer_task_manager/helixer_task_manager/urls.py changed, reloading.
Performing system checks...

System check identified no issues (0 silenced).
August 05, 2024 - 13:58:41
Django version 5.0.7, using settings 'helixer_task_manager.settings'
Starting development server at http://0.0.0.0:8083/
Quit the server with CONTROL-C.

Watching for file changes with StatReloader
